Building site...
Checking all internal links with anchors.
> Successfully checked 0 internal link(s) with anchors.
-> Creating 5 pages (0 orphan) and 2 sections
Done in 19ms.

Web server is available at http://127.0.0.1:1111 (bound to 127.0.0.1:1111)

Listening for changes in /home/kleidi/projects/site/{config.toml,content,static,templates}
Press Ctrl+C to stop

Change detected @ 2024-11-28 13:40:40
-> Content changed /home/kleidi/projects/site/content/posts/nohup.out
Checking all internal links with anchors.
> Successfully checked 0 internal link(s) with anchors.
-> Creating 5 pages (0 orphan) and 2 sections
Done in 3ms.

Change detected @ 2024-11-28 13:40:41
-> Content changed /home/kleidi/projects/site/content/posts/nohup.out
Checking all internal links with anchors.
> Successfully checked 0 internal link(s) with anchors.
-> Creating 5 pages (0 orphan) and 2 sections
Done in 2ms.

Change detected @ 2024-11-28 13:40:41
-> Content changed /home/kleidi/projects/site/content/posts/nohup.out
Checking all internal links with anchors.
> Successfully checked 0 internal link(s) with anchors.
-> Creating 5 pages (0 orphan) and 2 sections
Done in 2ms.

Change detected @ 2024-11-28 13:40:42
-> Content changed /home/kleidi/projects/site/content/posts/nohup.out
Checking all internal links with anchors.
> Successfully checked 0 internal link(s) with anchors.
-> Creating 5 pages (0 orphan) and 2 sections
Done in 2ms.

Change detected @ 2024-11-28 13:40:42
-> Content changed /home/kleidi/projects/site/content/posts/nohup.out
Checking all internal links with anchors.
> Successfully checked 0 internal link(s) with anchors.
-> Creating 5 pages (0 orphan) and 2 sections
Done in 2ms.

Change detected @ 2024-11-28 13:40:43
-> Content changed /home/kleidi/projects/site/content/posts/nohup.out
Checking all internal links with anchors.
> Successfully checked 0 internal link(s) with anchors.
-> Creating 5 pages (0 orphan) and 2 sections
Done in 2ms.

Change detected @ 2024-11-28 13:40:44
-> Content changed /home/kleidi/projects/site/content/posts/nohup.out
Checking all internal links with anchors.
> Successfully checked 0 internal link(s) with anchors.
-> Creating 5 pages (0 orphan) and 2 sections
Done in 2ms.

Change detected @ 2024-11-28 13:40:45
-> Content changed /home/kleidi/projects/site/content/posts/nohup.out
Checking all internal links with anchors.
> Successfully checked 0 internal link(s) with anchors.
-> Creating 5 pages (0 orphan) and 2 sections
Done in 2ms.

Change detected @ 2024-11-28 13:40:45
-> Content changed /home/kleidi/projects/site/content/posts/nohup.out
Checking all internal links with anchors.
> Successfully checked 0 internal link(s) with anchors.
-> Creating 5 pages (0 orphan) and 2 sections
Done in 2ms.

Change detected @ 2024-11-28 13:40:46
-> Content changed /home/kleidi/projects/site/content/posts/nohup.out
Checking all internal links with anchors.
> Successfully checked 0 internal link(s) with anchors.
-> Creating 5 pages (0 orphan) and 2 sections
Done in 2ms.

Change detected @ 2024-11-28 13:40:46
-> Content changed /home/kleidi/projects/site/content/posts/nohup.out
Checking all internal links with anchors.
> Successfully checked 0 internal link(s) with anchors.
-> Creating 5 pages (0 orphan) and 2 sections
Done in 2ms.

Change detected @ 2024-11-28 13:40:47
-> Content changed /home/kleidi/projects/site/content/posts/nohup.out
Checking all internal links with anchors.
> Successfully checked 0 internal link(s) with anchors.
-> Creating 5 pages (0 orphan) and 2 sections
Done in 2ms.

Change detected @ 2024-11-28 13:40:47
-> Content changed /home/kleidi/projects/site/content/posts/nohup.out
Checking all internal links with anchors.
> Successfully checked 0 internal link(s) with anchors.
-> Creating 5 pages (0 orphan) and 2 sections
Done in 2ms.

Change detected @ 2024-11-28 13:40:48
-> Content changed /home/kleidi/projects/site/content/posts/nohup.out
Checking all internal links with anchors.
> Successfully checked 0 internal link(s) with anchors.
-> Creating 5 pages (0 orphan) and 2 sections
Done in 2ms.

Change detected @ 2024-11-28 13:40:49
-> Content changed /home/kleidi/projects/site/content/posts/nohup.out
Checking all internal links with anchors.
> Successfully checked 0 internal link(s) with anchors.
-> Creating 5 pages (0 orphan) and 2 sections
Done in 12ms.

Change detected @ 2024-11-28 13:40:50
-> Content changed /home/kleidi/projects/site/content/posts/nohup.out
Checking all internal links with anchors.
> Successfully checked 0 internal link(s) with anchors.
-> Creating 5 pages (0 orphan) and 2 sections
Done in 12ms.

Change detected @ 2024-11-28 13:40:50
-> Content changed /home/kleidi/projects/site/content/posts/nohup.out
Checking all internal links with anchors.
> Successfully checked 0 internal link(s) with anchors.
-> Creating 5 pages (0 orphan) and 2 sections
Done in 12ms.

Change detected @ 2024-11-28 13:40:51
-> Content changed /home/kleidi/projects/site/content/posts/nohup.out
Checking all internal links with anchors.
> Successfully checked 0 internal link(s) with anchors.
-> Creating 5 pages (0 orphan) and 2 sections
Done in 2ms.

Change detected @ 2024-11-28 13:40:51
-> Content changed /home/kleidi/projects/site/content/posts/nohup.out
Checking all internal links with anchors.
> Successfully checked 0 internal link(s) with anchors.
-> Creating 5 pages (0 orphan) and 2 sections
Done in 2ms.

Change detected @ 2024-11-28 13:40:52
-> Content changed /home/kleidi/projects/site/content/posts/nohup.out
Checking all internal links with anchors.
> Successfully checked 0 internal link(s) with anchors.
-> Creating 5 pages (0 orphan) and 2 sections
Done in 2ms.

Change detected @ 2024-11-28 13:40:52
-> Content changed /home/kleidi/projects/site/content/posts/nohup.out
Checking all internal links with anchors.
> Successfully checked 0 internal link(s) with anchors.
-> Creating 5 pages (0 orphan) and 2 sections
Done in 12ms.

Change detected @ 2024-11-28 13:40:52
-> Content changed /home/kleidi/projects/site/content/posts/nohup.out
Checking all internal links with anchors.
> Successfully checked 0 internal link(s) with anchors.
-> Creating 5 pages (0 orphan) and 2 sections
Done in 12ms.

Change detected @ 2024-11-28 13:40:53
-> Content changed /home/kleidi/projects/site/content/posts/nohup.out
Checking all internal links with anchors.
> Successfully checked 0 internal link(s) with anchors.
-> Creating 5 pages (0 orphan) and 2 sections
Done in 12ms.

Change detected @ 2024-11-28 13:40:53
-> Content changed /home/kleidi/projects/site/content/posts/nohup.out
Checking all internal links with anchors.
> Successfully checked 0 internal link(s) with anchors.
-> Creating 5 pages (0 orphan) and 2 sections
Done in 12ms.

Change detected @ 2024-11-28 13:40:54
-> Content changed /home/kleidi/projects/site/content/posts/nohup.out
Checking all internal links with anchors.
> Successfully checked 0 internal link(s) with anchors.
-> Creating 5 pages (0 orphan) and 2 sections
Done in 12ms.

Change detected @ 2024-11-28 13:40:54
-> Content changed /home/kleidi/projects/site/content/posts/nohup.out
Checking all internal links with anchors.
> Successfully checked 0 internal link(s) with anchors.
-> Creating 5 pages (0 orphan) and 2 sections
Done in 12ms.

Change detected @ 2024-11-28 13:40:55
-> Content changed /home/kleidi/projects/site/content/posts/nohup.out
Checking all internal links with anchors.
> Successfully checked 0 internal link(s) with anchors.
-> Creating 5 pages (0 orphan) and 2 sections
Done in 12ms.

Change detected @ 2024-11-28 13:40:55
-> Content changed /home/kleidi/projects/site/content/posts/nohup.out
Checking all internal links with anchors.
> Successfully checked 0 internal link(s) with anchors.
-> Creating 5 pages (0 orphan) and 2 sections
Done in 12ms.

Change detected @ 2024-11-28 13:40:56
-> Content changed /home/kleidi/projects/site/content/posts/nohup.out
Checking all internal links with anchors.
> Successfully checked 0 internal link(s) with anchors.
-> Creating 5 pages (0 orphan) and 2 sections
Done in 2ms.

Change detected @ 2024-11-28 13:40:56
-> Content changed /home/kleidi/projects/site/content/posts/nohup.out
Checking all internal links with anchors.
> Successfully checked 0 internal link(s) with anchors.
-> Creating 5 pages (0 orphan) and 2 sections
Done in 12ms.

Change detected @ 2024-11-28 13:40:56
-> Content changed /home/kleidi/projects/site/content/posts/nohup.out
Checking all internal links with anchors.
> Successfully checked 0 internal link(s) with anchors.
-> Creating 5 pages (0 orphan) and 2 sections
Done in 12ms.

Change detected @ 2024-11-28 13:40:57
-> Content changed /home/kleidi/projects/site/content/posts/nohup.out
Checking all internal links with anchors.
> Successfully checked 0 internal link(s) with anchors.
-> Creating 5 pages (0 orphan) and 2 sections
Done in 12ms.

Change detected @ 2024-11-28 13:40:57
-> Content changed /home/kleidi/projects/site/content/posts/nohup.out
Checking all internal links with anchors.
> Successfully checked 0 internal link(s) with anchors.
-> Creating 5 pages (0 orphan) and 2 sections
Done in 12ms.

Change detected @ 2024-11-28 13:40:57
-> Content changed /home/kleidi/projects/site/content/posts/nohup.out
Checking all internal links with anchors.
> Successfully checked 0 internal link(s) with anchors.
-> Creating 5 pages (0 orphan) and 2 sections
Done in 12ms.

Change detected @ 2024-11-28 13:40:58
-> Content changed /home/kleidi/projects/site/content/posts/nohup.out
Checking all internal links with anchors.
> Successfully checked 0 internal link(s) with anchors.
-> Creating 5 pages (0 orphan) and 2 sections
Done in 12ms.

Change detected @ 2024-11-28 13:40:58
-> Content changed /home/kleidi/projects/site/content/posts/nohup.out
Checking all internal links with anchors.
> Successfully checked 0 internal link(s) with anchors.
-> Creating 5 pages (0 orphan) and 2 sections
Done in 12ms.

Change detected @ 2024-11-28 13:40:59
-> Content changed /home/kleidi/projects/site/content/posts/nohup.out
Checking all internal links with anchors.
> Successfully checked 0 internal link(s) with anchors.
-> Creating 5 pages (0 orphan) and 2 sections
Done in 12ms.

Change detected @ 2024-11-28 13:40:59
-> Content changed /home/kleidi/projects/site/content/posts/nohup.out
Checking all internal links with anchors.
> Successfully checked 0 internal link(s) with anchors.
-> Creating 5 pages (0 orphan) and 2 sections
Done in 12ms.

Change detected @ 2024-11-28 13:41:00
-> Content changed /home/kleidi/projects/site/content/posts/nohup.out
Checking all internal links with anchors.
> Successfully checked 0 internal link(s) with anchors.
-> Creating 5 pages (0 orphan) and 2 sections
Done in 12ms.

Change detected @ 2024-11-28 13:41:00
-> Content changed /home/kleidi/projects/site/content/posts/nohup.out
Checking all internal links with anchors.
> Successfully checked 0 internal link(s) with anchors.
-> Creating 5 pages (0 orphan) and 2 sections
Done in 12ms.

Change detected @ 2024-11-28 13:41:01
-> Content changed /home/kleidi/projects/site/content/posts/nohup.out
Checking all internal links with anchors.
> Successfully checked 0 internal link(s) with anchors.
-> Creating 5 pages (0 orphan) and 2 sections
Done in 12ms.

Change detected @ 2024-11-28 13:41:01
-> Content changed /home/kleidi/projects/site/content/posts/nohup.out
Checking all internal links with anchors.
> Successfully checked 0 internal link(s) with anchors.
-> Creating 5 pages (0 orphan) and 2 sections
Done in 12ms.

Change detected @ 2024-11-28 13:41:01
-> Content changed /home/kleidi/projects/site/content/posts/nohup.out
Checking all internal links with anchors.
> Successfully checked 0 internal link(s) with anchors.
-> Creating 5 pages (0 orphan) and 2 sections
Done in 2ms.

Change detected @ 2024-11-28 13:41:02
-> Content changed /home/kleidi/projects/site/content/posts/nohup.out
Checking all internal links with anchors.
> Successfully checked 0 internal link(s) with anchors.
-> Creating 5 pages (0 orphan) and 2 sections
Done in 12ms.

Change detected @ 2024-11-28 13:41:02
-> Content changed /home/kleidi/projects/site/content/posts/nohup.out
Checking all internal links with anchors.
> Successfully checked 0 internal link(s) with anchors.
-> Creating 5 pages (0 orphan) and 2 sections
Done in 12ms.

Change detected @ 2024-11-28 13:41:02
-> Content changed /home/kleidi/projects/site/content/posts/nohup.out
Checking all internal links with anchors.
> Successfully checked 0 internal link(s) with anchors.
-> Creating 5 pages (0 orphan) and 2 sections
Done in 12ms.

Change detected @ 2024-11-28 13:41:03
-> Content changed /home/kleidi/projects/site/content/posts/nohup.out
Checking all internal links with anchors.
> Successfully checked 0 internal link(s) with anchors.
-> Creating 5 pages (0 orphan) and 2 sections
Done in 12ms.

Change detected @ 2024-11-28 13:41:03
-> Content changed /home/kleidi/projects/site/content/posts/nohup.out
Checking all internal links with anchors.
> Successfully checked 0 internal link(s) with anchors.
-> Creating 5 pages (0 orphan) and 2 sections
Done in 12ms.

Change detected @ 2024-11-28 13:41:04
-> Content changed /home/kleidi/projects/site/content/posts/nohup.out
Checking all internal links with anchors.
> Successfully checked 0 internal link(s) with anchors.
-> Creating 5 pages (0 orphan) and 2 sections
Done in 12ms.

Change detected @ 2024-11-28 13:41:04
-> Content changed /home/kleidi/projects/site/content/posts/nohup.out
Checking all internal links with anchors.
> Successfully checked 0 internal link(s) with anchors.
-> Creating 5 pages (0 orphan) and 2 sections
Done in 12ms.

Change detected @ 2024-11-28 13:41:05
-> Content changed /home/kleidi/projects/site/content/posts/nohup.out
Checking all internal links with anchors.
> Successfully checked 0 internal link(s) with anchors.
-> Creating 5 pages (0 orphan) and 2 sections
Done in 12ms.

Change detected @ 2024-11-28 13:41:05
-> Content changed /home/kleidi/projects/site/content/posts/nohup.out
Checking all internal links with anchors.
> Successfully checked 0 internal link(s) with anchors.
-> Creating 5 pages (0 orphan) and 2 sections
Done in 12ms.

Change detected @ 2024-11-28 13:41:06
-> Content changed /home/kleidi/projects/site/content/posts/nohup.out
Checking all internal links with anchors.
> Successfully checked 0 internal link(s) with anchors.
-> Creating 5 pages (0 orphan) and 2 sections
Done in 12ms.

Change detected @ 2024-11-28 13:41:06
-> Content changed /home/kleidi/projects/site/content/posts/nohup.out
Checking all internal links with anchors.
> Successfully checked 0 internal link(s) with anchors.
-> Creating 5 pages (0 orphan) and 2 sections
Done in 2ms.

Change detected @ 2024-11-28 13:41:06
-> Content changed /home/kleidi/projects/site/content/posts/nohup.out
Checking all internal links with anchors.
> Successfully checked 0 internal link(s) with anchors.
-> Creating 5 pages (0 orphan) and 2 sections
Done in 12ms.

Change detected @ 2024-11-28 13:41:07
-> Content changed /home/kleidi/projects/site/content/posts/nohup.out
Checking all internal links with anchors.
> Successfully checked 0 internal link(s) with anchors.
-> Creating 5 pages (0 orphan) and 2 sections
Done in 12ms.

Change detected @ 2024-11-28 13:41:07
-> Content changed /home/kleidi/projects/site/content/posts/nohup.out
Checking all internal links with anchors.
> Successfully checked 0 internal link(s) with anchors.
-> Creating 5 pages (0 orphan) and 2 sections
-> Content changed /home/kleidi/projects/site/content/posts/tools.md
Checking all internal links with anchors.
> Successfully checked 0 internal link(s) with anchors.
-> Creating 5 pages (0 orphan) and 2 sections
Done in 14ms.

Change detected @ 2024-11-28 13:41:07
-> Content changed /home/kleidi/projects/site/content/posts/nohup.out
Checking all internal links with anchors.
> Successfully checked 0 internal link(s) with anchors.
-> Creating 5 pages (0 orphan) and 2 sections
Done in 12ms.

Change detected @ 2024-11-28 13:41:08
-> Content changed /home/kleidi/projects/site/content/posts/nohup.out
Checking all internal links with anchors.
> Successfully checked 0 internal link(s) with anchors.
-> Creating 5 pages (0 orphan) and 2 sections
Done in 12ms.

Change detected @ 2024-11-28 13:41:08
-> Content changed /home/kleidi/projects/site/content/posts/nohup.out
Checking all internal links with anchors.
> Successfully checked 0 internal link(s) with anchors.
-> Creating 5 pages (0 orphan) and 2 sections
Done in 12ms.

Change detected @ 2024-11-28 13:41:09
-> Content changed /home/kleidi/projects/site/content/posts/nohup.out
Checking all internal links with anchors.
> Successfully checked 0 internal link(s) with anchors.
-> Creating 5 pages (0 orphan) and 2 sections
Done in 12ms.

Change detected @ 2024-11-28 13:41:09
-> Content changed /home/kleidi/projects/site/content/posts/nohup.out
Checking all internal links with anchors.
> Successfully checked 0 internal link(s) with anchors.
-> Creating 5 pages (0 orphan) and 2 sections
Done in 12ms.

Change detected @ 2024-11-28 13:41:10
-> Content changed /home/kleidi/projects/site/content/posts/nohup.out
Checking all internal links with anchors.
> Successfully checked 0 internal link(s) with anchors.
-> Creating 5 pages (0 orphan) and 2 sections
Done in 12ms.

Change detected @ 2024-11-28 13:41:10
-> Content changed /home/kleidi/projects/site/content/posts/nohup.out
Checking all internal links with anchors.
> Successfully checked 0 internal link(s) with anchors.
-> Creating 5 pages (0 orphan) and 2 sections
Done in 12ms.

Change detected @ 2024-11-28 13:41:11
-> Content changed /home/kleidi/projects/site/content/posts/nohup.out
Checking all internal links with anchors.
> Successfully checked 0 internal link(s) with anchors.
-> Creating 5 pages (0 orphan) and 2 sections
Done in 12ms.

Change detected @ 2024-11-28 13:41:11
-> Content changed /home/kleidi/projects/site/content/posts/nohup.out
Checking all internal links with anchors.
> Successfully checked 0 internal link(s) with anchors.
-> Creating 5 pages (0 orphan) and 2 sections
Done in 12ms.

Change detected @ 2024-11-28 13:41:11
-> Content changed /home/kleidi/projects/site/content/posts/nohup.out
Checking all internal links with anchors.
> Successfully checked 0 internal link(s) with anchors.
-> Creating 5 pages (0 orphan) and 2 sections
Done in 2ms.

Change detected @ 2024-11-28 13:41:12
-> Content changed /home/kleidi/projects/site/content/posts/nohup.out
Checking all internal links with anchors.
> Successfully checked 0 internal link(s) with anchors.
-> Creating 5 pages (0 orphan) and 2 sections
Done in 12ms.

Change detected @ 2024-11-28 13:41:12
-> Content changed /home/kleidi/projects/site/content/posts/nohup.out
Checking all internal links with anchors.
> Successfully checked 0 internal link(s) with anchors.
-> Creating 5 pages (0 orphan) and 2 sections
Done in 12ms.

Change detected @ 2024-11-28 13:41:12
-> Content changed /home/kleidi/projects/site/content/posts/nohup.out
Checking all internal links with anchors.
> Successfully checked 0 internal link(s) with anchors.
-> Creating 5 pages (0 orphan) and 2 sections
Done in 12ms.

Building site...
Checking all internal links with anchors.
> Successfully checked 0 internal link(s) with anchors.
-> Creating 5 pages (0 orphan) and 2 sections
Done in 28ms.

Web server is available at http://127.0.0.1:1111 (bound to 127.0.0.1:1111)

Listening for changes in /home/kleidi/projects/site/{config.toml,content,static,templates}
Press Ctrl+C to stop

Change detected @ 2024-11-28 13:41:18
-> Content changed /home/kleidi/projects/site/content/posts/nohup.out
Checking all internal links with anchors.
> Successfully checked 0 internal link(s) with anchors.
-> Creating 5 pages (0 orphan) and 2 sections
Done in 12ms.

Change detected @ 2024-11-28 13:41:20
-> Content changed /home/kleidi/projects/site/content/posts/nohup.out
Checking all internal links with anchors.
> Successfully checked 0 internal link(s) with anchors.
-> Creating 5 pages (0 orphan) and 2 sections
Done in 12ms.

Change detected @ 2024-11-28 13:41:21
-> Content changed /home/kleidi/projects/site/content/posts/nohup.out
Checking all internal links with anchors.
> Successfully checked 0 internal link(s) with anchors.
-> Creating 5 pages (0 orphan) and 2 sections
Done in 12ms.

Change detected @ 2024-11-28 13:41:21
-> Content changed /home/kleidi/projects/site/content/posts/nohup.out
Checking all internal links with anchors.
> Successfully checked 0 internal link(s) with anchors.
-> Creating 5 pages (0 orphan) and 2 sections
Done in 12ms.

Change detected @ 2024-11-28 13:41:22
-> Content changed /home/kleidi/projects/site/content/posts/nohup.out
Checking all internal links with anchors.
> Successfully checked 0 internal link(s) with anchors.
-> Creating 5 pages (0 orphan) and 2 sections
Done in 12ms.

Change detected @ 2024-11-28 13:41:22
-> Content changed /home/kleidi/projects/site/content/posts/nohup.out
Checking all internal links with anchors.
> Successfully checked 0 internal link(s) with anchors.
-> Creating 5 pages (0 orphan) and 2 sections
Done in 12ms.

Change detected @ 2024-11-28 13:41:23
-> Content changed /home/kleidi/projects/site/content/posts/nohup.out
Checking all internal links with anchors.
> Successfully checked 0 internal link(s) with anchors.
-> Creating 5 pages (0 orphan) and 2 sections
Done in 12ms.

Change detected @ 2024-11-28 13:41:23
-> Content changed /home/kleidi/projects/site/content/posts/nohup.out
Checking all internal links with anchors.
> Successfully checked 0 internal link(s) with anchors.
-> Creating 5 pages (0 orphan) and 2 sections
Done in 12ms.

Change detected @ 2024-11-28 13:41:24
-> Content changed /home/kleidi/projects/site/content/posts/nohup.out
Checking all internal links with anchors.
> Successfully checked 0 internal link(s) with anchors.
-> Creating 5 pages (0 orphan) and 2 sections
Done in 12ms.

Change detected @ 2024-11-28 13:41:25
-> Content changed /home/kleidi/projects/site/content/posts/nohup.out
Checking all internal links with anchors.
> Successfully checked 0 internal link(s) with anchors.
-> Creating 5 pages (0 orphan) and 2 sections
Done in 12ms.

Change detected @ 2024-11-28 13:41:26
-> Content changed /home/kleidi/projects/site/content/posts/nohup.out
Checking all internal links with anchors.
> Successfully checked 0 internal link(s) with anchors.
-> Creating 5 pages (0 orphan) and 2 sections
Done in 12ms.

Change detected @ 2024-11-28 13:41:26
-> Content changed /home/kleidi/projects/site/content/posts/nohup.out
Checking all internal links with anchors.
> Successfully checked 0 internal link(s) with anchors.
-> Creating 5 pages (0 orphan) and 2 sections
Done in 12ms.

Change detected @ 2024-11-28 13:41:27
-> Content changed /home/kleidi/projects/site/content/posts/nohup.out
Checking all internal links with anchors.
> Successfully checked 0 internal link(s) with anchors.
-> Creating 5 pages (0 orphan) and 2 sections
Done in 12ms.

Change detected @ 2024-11-28 13:41:27
-> Content changed /home/kleidi/projects/site/content/posts/nohup.out
Checking all internal links with anchors.
> Successfully checked 0 internal link(s) with anchors.
-> Creating 5 pages (0 orphan) and 2 sections
Done in 12ms.

Change detected @ 2024-11-28 13:41:28
-> Content changed /home/kleidi/projects/site/content/posts/nohup.out
Checking all internal links with anchors.
> Successfully checked 0 internal link(s) with anchors.
-> Creating 5 pages (0 orphan) and 2 sections
Done in 12ms.

Change detected @ 2024-11-28 13:41:28
-> Content changed /home/kleidi/projects/site/content/posts/nohup.out
Checking all internal links with anchors.
> Successfully checked 0 internal link(s) with anchors.
-> Creating 5 pages (0 orphan) and 2 sections
Done in 12ms.

Change detected @ 2024-11-28 13:41:29
-> Content changed /home/kleidi/projects/site/content/posts/nohup.out
Checking all internal links with anchors.
> Successfully checked 0 internal link(s) with anchors.
-> Creating 5 pages (0 orphan) and 2 sections
Done in 12ms.

